--- PRIMA PARTE ---
Test del costruttore:
<Rosso>
[
[

Test della arrivo:
<Rosso>
[AB123CD,CT789ZF
[BE456MH

Test della cambiaStato:
<Verde Destra>
[
[BE456MH

Ulteriori test di arrivo e cambiaStato:
<Verde Sinistra>
[BL452MT
[

<Rosso>
[BL452MT,BV175TR
[AR271SD

--- SECONDA PARTE ---
Test della cambiaCorsia:
1
0
<Rosso>
[BL452MT
[AR271SD,BV175TR

Test di operator int:
Sono presenti 3 auto in coda

Test del distruttore:
<Rosso>
[CY379PN,FB478KG
[AV170MN

(s1 e' stato distrutto)

--- TERZA PARTE ---
<Verde Destra>
[
[AR271SD,BV175TR

Test aggiuntivi della arrivo:
<Verde Destra>
[
[AR271SD,BV175TR

Test aggiuntivi della cambiaCorsia:
<Verde Destra>
[
[AR271SD

<Verde Destra>
[
[

Test aggiuntivi di operator int:
Sono presenti 0 auto in coda 

(s2 e' stato distrutto)

Test aggiuntivi della cambiaStato:
<Verde Sinistra>
[
[

