--- PRIMA PARTE ---
Test del costruttore:
-----
-----

Test della pubblica:
-----
(*)montagna.png
(*)mare.jpg
gatto.png
cane.png
famiglia.jpg
gatto.png
-----

Test della cancella:
-----
(*)montagna.png
cane.png
famiglia.jpg
gatto.png
-----

--- SECONDA PARTE ---
Test della mettiInEvidenza:
-----
(*)famiglia.jpg
(*)montagna.png
cane.png
gatto.png
-----

Test di operator!:
1
-----
cane.png
gatto.png
-----

Test del distruttore:
(tl1 distrutto)

--- TERZA PARTE ---
Test aggiuntivi della pubblica:
-----
cucciolo.jpg
cane.png
gatto.png
-----

-----
cucciolo.jpg
cane.png
gatto.png
-----

Test aggiuntivi della cancella:
-----
-----

Altri test aggiuntivi della pubblica:
-----
(*)sole.png
luna.png
sole.png
-----

Test aggiuntivi della mettiInEvidenza:
-----
(*)sole.png
luna.png
sole.png
-----

Test aggiuntivi di operator!:
0
-----
luna.png
sole.png
-----

Test aggiuntivi del distruttore:
-----
-----

(tl3 distrutto)
