--- PRIMA PARTE --- 
Test del costruttore:
========
========

Test di operatore +=:
       ========
       ||||||||
    ||||||||
   ||||||||
========

       ========
       ||||||||
    ||||||||
   ||||||||
========

Test di operatore int():
Pendenza media: 4

--- SECONDA PARTE --- 
Test di operatore ++:
       ========
       ||||||||
    ||||||||
   ||||||||
========

          ========
          ||||||||
      ||||||||
    ||||||||
========

          ========
          ||||||||
      ||||||||
    ||||||||
========

Test di stabilizza:
        ========
        ||||||||
     ||||||||
   ||||||||
========

Test del distruttore: 
(t2 e' stato distrutto)

--- TERZA PARTE ---
Test aggiuntivo del costruttore (input negativo):
========
========

Test aggiuntivo di operatore += (input negativo):
========
========

Test aggiuntivo di operatore += (troppi loggiati):
    ========
    ||||||||
   ||||||||
  ||||||||
 ||||||||
========

Test aggiuntivo di operatore ++ (nessun loggiato):
========
========

Test aggiuntivo di stabilizza (nessun loggiato):
========
========

Test aggiuntivo di operatore ++ (primo loggiato con pendenza relativa massima):
    ========
    ||||||||
========

