
--- PRIMA PARTE ---
Test costruttore
1: 1 1 1 1 1
2: 1 1 1 1 1
3: 1 1 1 1 1

Test acquista
1: 1 1 0 1 1
2: 1 1 1 1 0
3: 0 1 1 1 1

Test aggiungi
1: 1 3 0 1 1
2: 1 1 5 1 0
3: 0 4 1 1 1

--- SECONDA PARTE ---
Test operator+
1: 1 3 0 1 1
2: 1 1 5 1 0
3: 0 4 1 1 1
4: 0 0 0 0 0
5: 0 0 0 0 0

Test costr. di copia
1: 1 3 0 1 1
2: 1 1 5 1 0
3: 0 4 1 1 1

(d1 e' stato distrutto)
--- TERZA PARTE (test aggiuntivi) ---
1: 1 1 1 1 1
2: 1 1 1 1 1
3: 1 1 1 1 1

1: 1 1 1 1 1

1: 1 1 0 1 1

1: 1 1 0 1 1
2: 0 0 0 0 0
3: 0 0 0 0 0
4: 0 0 0 0 0

