--- PRIMA PARTE ---
Test del costruttore:
GIALLO	<10>	[] [] [] [] [] [] [] [] [] [] 
VERDE	<10>	[] [] [] [] [] [] [] [] [] [] 
ROSSO	<10>	[] [] [] [] [] [] [] [] [] [] 
NERO	<10>	[] [] [] [] [] [] [] [] [] [] 
Test di carica e di calcolaPeso:
il peso del bilanciere b1 e': 21
GIALLO	<6>	[] [] [] [] [] [] 
VERDE	<6>	[] [] [] [] [] [] 
ROSSO	<7>	[] [] [] [] [] [] [] 
NERO	<10>	[] [] [] [] [] [] [] [] [] [] 
Altro test di carica e di calcolaPeso:
il bilanciere b2 e' scarico
GIALLO	<6>	[] [] [] [] [] [] 
VERDE	<6>	[] [] [] [] [] [] 
ROSSO	<7>	[] [] [] [] [] [] [] 
NERO	<10>	[] [] [] [] [] [] [] [] [] [] 
Test di scarica:
GIALLO	<10>	[] [] [] [] [] [] [] [] [] [] 
VERDE	<10>	[] [] [] [] [] [] [] [] [] [] 
ROSSO	<10>	[] [] [] [] [] [] [] [] [] [] 
NERO	<10>	[] [] [] [] [] [] [] [] [] [] 

--- SECONDA PARTE ---
Test di unisci:
il peso del bilanciere b5 e': 18
GIALLO	<5>	[] [] [] [] [] 
VERDE	<5>	[] [] [] [] [] 
ROSSO	<9>	[] [] [] [] [] [] [] [] [] 
NERO	<10>	[] [] [] [] [] [] [] [] [] [] 
Test dell'op. di assegnamento:
GIALLO	<5>	[] [] [] [] [] 
VERDE	<5>	[] [] [] [] [] 
ROSSO	<9>	[] [] [] [] [] [] [] [] [] 
NERO	<10>	[] [] [] [] [] [] [] [] [] [] 

--- TERZA PARTE ---
Altri test del costruttore:
GIALLO	<10>	[] [] [] [] [] [] [] [] [] [] 
VERDE	<10>	[] [] [] [] [] [] [] [] [] [] 
ROSSO	<8>	[] [] [] [] [] [] [] [] 
NERO	<10>	[] [] [] [] [] [] [] [] [] [] 
Altri test di carica:
il peso del bilanciere b6 e': 10
il peso del bilanciere b7 e': 4
il bilanciere b8 e' scarico
