---PRIMA PARTE---
Test del costruttore e dell'operatore di uscita
ESAME1: <>
ESAME2: <>
ESAME3: <>
ESAME4: <>

Test della aggiungi
ESAME1: <I0051,25,9>
ESAME2: <>
ESAME3: <>
ESAME4: <>

ESAME1: <I0051,25,9>
ESAME2: <I0054,21,6>
ESAME3: <>
ESAME4: <>

Test della media aritmetica:
23

---SECONDA PARTE---
Test dell'operatore di assegnamento
ESAME1: <I0051,25,9>
ESAME2: <I0054,21,6>
ESAME3: <>
ESAME4: <>

Test del distruttore (l2 e' stato appena distrutto)

Ulteriori test della aggiungi
ESAME1: <I0051,25,9>
ESAME2: <I0054,21,6>
ESAME3: <I0062,28,9>
ESAME4: <I0067,24,12>

Test calcolo voto di partenza di laurea
Il voto di partenza e': 96.25

---TERZA PARTE---
ESAME1: <I0070,28,9>
ESAME2: <I0071,29,12>
ESAME3: <I0072,27,9>
ESAME4: <>
ESAME5: <>

media
28

Ulteriore test operatore di assegnamento
ESAME1: <I0070,28,9>
ESAME2: <I0071,29,12>
ESAME3: <I0072,27,9>
ESAME4: <>
ESAME5: <>

Ulteriori test della aggiungi su l4
ESAME1: <I0070,28,9>
ESAME2: <I0071,29,12>
ESAME3: <I0072,27,9>
ESAME4: <I0073,25,9>
ESAME5: <I0075,24,12>

Test calcolo voto di partenza di laurea
Il voto di partenza e': 101.765

