--- PRIMA PARTE ---
Test costruttore:
|--------|
|        |
|        |
|1       |
|2       |
|3       |
|4       |
|--------|

Test muovi:
|--------|
|        |
|321     |
|4       |
|        |
|        |
|        |
|--------|

|--------|
|  1     |
|432     |
|        |
|        |
|        |
|        |
|--------|

|--------|
| 12     |
| 43     |
|        |
|        |
|        |
|        |
|--------|

|--------|
| 12     |
| 43     |
|        |
|        |
|        |
|        |
|--------|

|--------|
|123     |
|  4     |
|        |
|        |
|        |
|        |
|--------|

