--- PRIMA PARTE ---
Test costruttore:
|--------|
|        |
|        |
|1       |
|2       |
|3       |
|4       |
|--------|

Test muovi:
|--------|
|        |
|321     |
|4       |
|        |
|        |
|        |
|--------|

|--------|
|  1     |
|432     |
|        |
|        |
|        |
|        |
|--------|

|--------|
| 12     |
| 43     |
|        |
|        |
|        |
|        |
|--------|

|--------|
| 12     |
| 43     |
|        |
|        |
|        |
|        |
|--------|

|--------|
|123     |
|  4     |
|        |
|        |
|        |
|        |
|--------|

--- SECONDA PARTE ---
Test mela:
|--------|
|123     |
|  4     |
|*       |
|*       |
|        |
|        |
|--------|

|--------|
|456     |
|3       |
|2       |
|1       |
|        |
|        |
|--------|

Test inverti: 
|--------|
|321     |
|4       |
|5       |
|6       |
|        |
|        |
|--------|

Test operator--: 
|--------|
|321     |
|4       |
|5       |
|        |
|        |
|        |
|--------|

Test distruttore:
(s1 e' stato distrutto)

--- TERZA PARTE ---
|--------|
|321     |
|4       |
|5       |
|        |
|*       |
|        |
|--------|

|--------|
|345     |
|2       |
|1       |
|        |
|*       |
|****    |
|--------|

|--------|
|9       |
|8       |
|7       |
|6       |
|5       |
|4321    |
|--------|

|--------|
|        |
|        |
|        |
|        |
|        |
|4321    |
|--------|

