--- PRIMA PARTE ---
Test del costruttore:
[1>
[2]
[3]
[4]

Test di writeT:
[1]Lazio
[2]Toscan
[3]Umbria
[4>

Altro test di writeT:
[1]Sicili
[2>Toscan
[3]Umbria
[4]Sardeg

Test del costruttore di copia:
[1]Sicili
[2>Toscan
[3]Umbria
[4]Sardeg

--- SECONDA PARTE ---
Test di writeW:
[1]Marche
[2>Emilia
[3]Romagn
[4]a

Test dell'op. di assegnamento:
[1]Marche
[2>Emilia
[3]Romagn
[4]a

Test del distruttore:
(d2 e' stato distrutto)

--- TERZA PARTE ---
Test aggiuntivi del costruttore:
[1>
[2]
[3]
[4]
[5]

[1>
[2]
[3]
[4]
[5]

Test aggiuntivi di writeW:
[1]Trentino
[2]AltoAdig
[3]e
[4>
[5]

Test aggiuntivi dell'op. di assegnamento:
[1]Trentino
[2]AltoAdig
[3]e
[4>
[5]

[1]Marche
[2]Molise
[3>Romagn
[4]a

[1]Marche
[2]Campan
[3]ia
[4>a

