---PRIMA PARTE---
Test costruttore e operatore di uscita:

Test aggiungi():
>[0:0]titolo1-album1-artista1-300
titolo2-album2-artista2-240
titolo3-album3-artista3-301

Test play():
titolo1-album1-artista1-300
>[1:5]titolo2-album2-artista2-240
titolo3-album3-artista3-301

>[0:24]titolo1-album1-artista1-300
titolo2-album2-artista2-240
titolo3-album3-artista3-301

---SECONDA PARTE---
Test somma e assegnamento:
sp2=
>[0:0]titolo4-album4-artista4-400
titolo5-album5-artista5-200
sp=
>[0:24]titolo1-album1-artista1-300
titolo2-album2-artista2-240
titolo3-album3-artista3-301
titolo4-album4-artista4-400
titolo5-album5-artista5-200

Test int():
Sono stati riprodotti 24 secondi
Sono stati riprodotti 424 secondi
Sono stati riprodotti 483 secondi

Test elimina():
sp=
>[3:3]titolo2-album2-artista2-240
titolo3-album3-artista3-301
titolo5-album5-artista5-200

Test distruttore:
(distruttore chiamato)

---TERZA PARTE---
Test aggiungi() con input troppo lunghi:
sp=
>[3:3]titolo2-album2-artista2-240
titolo3-album3-artista3-301
titolo5-album5-artista5-200
titolo piu' lungo di 50 caratteri 1234567901234567-album6-artista6-200

Test concatenazione somma e assegnamento:
sp=
>[3:3]titolo2-album2-artista2-240
titolo3-album3-artista3-301
titolo5-album5-artista5-200
titolo piu' lungo di 50 caratteri 1234567901234567-album6-artista6-200
titolo4-album4-artista4-400
titolo5-album5-artista5-200
titolo4-album4-artista4-400
titolo5-album5-artista5-200

Test elimina() di canzone ripetuta o inesistente:
sp=
>[3:3]titolo2-album2-artista2-240
titolo3-album3-artista3-301
titolo5-album5-artista5-200
titolo piu' lungo di 50 caratteri 1234567901234567-album6-artista6-200
titolo5-album5-artista5-200
titolo5-album5-artista5-200

Test input non validi:
sp=
>[3:3]titolo2-album2-artista2-240
titolo3-album3-artista3-301
titolo5-album5-artista5-200
titolo piu' lungo di 50 caratteri 1234567901234567-album6-artista6-200
titolo5-album5-artista5-200
titolo5-album5-artista5-200

