---PRIMA PARTE---

test del costruttore
------------------------------------

test di accordo
s-s-s-s-s---------------------------
s-s-s-s-s---------------------------
s-s-s-s-s--d-d-d-d-d----------------

test dell'operatore -= per rilascio mano
s-s-s-s-s---------------------------

---SECONDA PARTE---

test dell'operatore -= per rilascio dito
s-----s-s---------------------------

test di nota
s-----s-s---------------------------
s-----s-s--------d-----dd-----------
s-----s-s--------d-----dd-----------

test del distruttore
----------s-s-s-s-s-----

---TERZA PARTE---

----------s-s-s-s-s-----
----------s-s-s-s-s-----
----------s-s-s-s-s-----
----------ssssssssss----
----------ssssssssss----
----------ssssssssss----
----------ssssssssss----
----------ssssssssss----
----------s-ssssssss----
------------ssssssss----
------------ssssssss----
------------ssssssss----
--d---------ssssssss----

distruttore invocato
