--- PRIMA PARTE---
Test del costruttore di default:
mp
[-]

Test inserisci:
mp
[1]<We are the champions, Video>
[2]<Stairway to heaven, Audio>
[3]<Another brick in the, Video>
[4]<We are the champions, Audio>

Test elimina:
mp
[1]<Stairway to heaven, Audio>
[2]<Another brick in the, Video>
[3]<We are the champions, Audio>

--- SECONDA PARTE---
Test costruttore MediaPlaylist(item*, int)
mp2
[1]<Michelle, Audio>
[2]<Thriller, Video>

mp2
[1]<Smoke on the water, Audio>
[2]<Thriller, Video>

Test costruttore di copia:
mp3
[1]<Smoke on the water, Audio>
[2]<Thriller, Video>

mp3
[1]<Sweet child o' mine, Video>
[2]<Smoke on the water, Audio>
[3]<Thriller, Video>

Test riproduci:
Riprodotto file VIDEO
Riprodotto file AUDIO
File non presente

Test del distruttore
(mp4 distrutto)

--- TERZA PARTE---
mp3
[1]<Thriller, Audio>
[2]<Sweet child o' mine, Video>
[3]<Smoke on the water, Audio>
[4]<Thriller, Video>

Riprodotto file AUDIO

mp3
[1]<Another brick in the, Video>
[2]<Thriller, Audio>
[3]<Sweet child o' mine, Video>
[4]<Smoke on the water, Audio>
[5]<Thriller, Video>

Test distruttore su playlist vuota
(mp5 distrutto)
