Test del costruttore e dell'operatore di uscita
POSTAZIONE1:<libera>
POSTAZIONE2:<libera>
POSTAZIONE3:<libera>
POSTAZIONE4:<libera>

Test della aggiungi
POSTAZIONE1:Utente1
POSTAZIONE2:<libera>
POSTAZIONE3:<libera>
POSTAZIONE4:<libera>

POSTAZIONE1:Utente1
POSTAZIONE2:Utente2
POSTAZIONE3:Utente3
POSTAZIONE4:<libera>

Test della elimina (viene liberata la seconda postazione)
POSTAZIONE1:Utente1
POSTAZIONE2:<libera>
POSTAZIONE3:Utente3
POSTAZIONE4:<libera>

Test del costruttore di copia
POSTAZIONE1:Utente1
POSTAZIONE2:<libera>
POSTAZIONE3:Utente3
POSTAZIONE4:<libera>

Test del distruttore (a2 e' stata appena distrutta)

Test dell'operatore di negazione logica
(prima dell'ordinamento)
POSTAZIONE1:Utente1
POSTAZIONE2:Zenone
POSTAZIONE3:Utente3
POSTAZIONE4:Achille
(dopo l'ordinamento)
POSTAZIONE1:Achille
POSTAZIONE2:Utente1
POSTAZIONE3:Utente3
POSTAZIONE4:Zenone

 --- TERZA PARTE --- ( TEST AGGIUNTIVI )

POSTAZIONE1:aaaaaaaaaaaaaaaaaaaaaaaaaaaaaaaaaaaaaaaaaaaaaaaaaaaa
POSTAZIONE2:cccccccccccccccccccccccccccccccccccccccccccccccccccc
POSTAZIONE3:bbbbbbbbbbbbbbbbbbbbbbbbbbbbbbbbbbbbbbbbbbbbbbbbbbbb
POSTAZIONE4:<libera>
POSTAZIONE5:<libera>
POSTAZIONE6:<libera>

POSTAZIONE1:aaaaaaaaaaaaaaaaaaaaaaaaaaaaaaaaaaaaaaaaaaaaaaaaaaaa
POSTAZIONE2:cccccccccccccccccccccccccccccccccccccccccccccccccccc
POSTAZIONE3:bbbbbbbbbbbbbbbbbbbbbbbbbbbbbbbbbbbbbbbbbbbbbbbbbbbb
POSTAZIONE4:ddd
POSTAZIONE5:fff
POSTAZIONE6:eee

POSTAZIONE1:aaaaaaaaaaaaaaaaaaaaaaaaaaaaaaaaaaaaaaaaaaaaaaaaaaaa
POSTAZIONE2:bbbbbbbbbbbbbbbbbbbbbbbbbbbbbbbbbbbbbbbbbbbbbbbbbbbb
POSTAZIONE3:cccccccccccccccccccccccccccccccccccccccccccccccccccc
POSTAZIONE4:ddd
POSTAZIONE5:eee
POSTAZIONE6:fff

POSTAZIONE1:aaaaaaaaaaaaaaaaaaaaaaaaaaaaaaaaaaaaaaaaaaaaaaaaaaaa
POSTAZIONE2:bbbbbbbbbbbbbbbbbbbbbbbbbbbbbbbbbbbbbbbbbbbbbbbbbbbb
POSTAZIONE3:<libera>
POSTAZIONE4:ddd
POSTAZIONE5:eee
POSTAZIONE6:fff

POSTAZIONE1:aaaaaaaaaaaaaaaaaaaaaaaaaaaaaaaaaaaaaaaaaaaaaaaaaaaa
POSTAZIONE2:bbbbbbbbbbbbbbbbbbbbbbbbbbbbbbbbbbbbbbbbbbbbbbbbbbbb
POSTAZIONE3:<libera>
POSTAZIONE4:ddd
POSTAZIONE5:eee
POSTAZIONE6:fff

POSTAZIONE1:aaaaaaaaaaaaaaaaaaaaaaaaaaaaaaaaaaaaaaaaaaaaaaaaaaaa
POSTAZIONE2:ciao
POSTAZIONE3:<libera>
POSTAZIONE4:ddd
POSTAZIONE5:eee
POSTAZIONE6:fff

