\BOOKMARK [1][-]{section.0}{Introduzione}{}% 1
\BOOKMARK [2][-]{subsection.0.1}{Informazioni generali}{section.0}% 2
\BOOKMARK [2][-]{subsection.0.2}{Informazioni particolari}{section.0}% 3
\BOOKMARK [2][-]{subsection.0.3}{Cinque}{section.0}% 4
\BOOKMARK [1][-]{section.1}{Mappe}{}% 5
\BOOKMARK [2][-]{subsection.1.1}{Argomenti generali}{section.1}% 6
\BOOKMARK [1][-]{section.2}{Tassonomia di Flynn}{}% 7
\BOOKMARK [2][-]{subsection.2.1}{Terminologia utilizzata}{section.2}% 8
\BOOKMARK [2][-]{subsection.2.2}{SISD - Single instruction and single data streams}{section.2}% 9
\BOOKMARK [2][-]{subsection.2.3}{MISD - Multiple instruction stream and single data stream}{section.2}% 10
\BOOKMARK [2][-]{subsection.2.4}{SIMD - Single instruction stream and multiple data stream}{section.2}% 11
\BOOKMARK [2][-]{subsection.2.5}{MIMD - Multiple instruction and multiple data streams}{section.2}% 12
\BOOKMARK [3][-]{subsubsection.2.5.1}{DM - Distributed memory}{subsection.2.5}% 13
\BOOKMARK [3][-]{subsubsection.2.5.2}{SM - Shared memory}{subsection.2.5}% 14
\BOOKMARK [1][-]{section.3}{Speed-Up}{}% 15
\BOOKMARK [1][-]{section.4}{Reti di interconnessione}{}% 16
\BOOKMARK [1][-]{section.5}{Schedulazione}{}% 17
\BOOKMARK [1][-]{section.6}{Sincronizzazione tra processi}{}% 18
\BOOKMARK [2][-]{subsection.6.1}{Problemi}{section.6}% 19
\BOOKMARK [3][-]{subsubsection.6.1.1}{Problema del buffer limitato}{subsection.6.1}% 20
\BOOKMARK [3][-]{subsubsection.6.1.2}{Problema dei lettori-scrittori}{subsection.6.1}% 21
\BOOKMARK [3][-]{subsubsection.6.1.3}{Problema dei 5 filosofi}{subsection.6.1}% 22
\BOOKMARK [2][-]{subsection.6.2}{Soluzioni ai problemi di mutua esclusione e comunicazione}{section.6}% 23
\BOOKMARK [3][-]{subsubsection.6.2.1}{Test and Set Lock}{subsection.6.2}% 24
\BOOKMARK [3][-]{subsubsection.6.2.2}{Semafori: wait\(\); signal\(\)}{subsection.6.2}% 25
\BOOKMARK [3][-]{subsubsection.6.2.3}{Monitor e variabili condition}{subsection.6.2}% 26
\BOOKMARK [2][-]{subsection.6.3}{Deadlock \(stallo\)}{section.6}% 27
\BOOKMARK [3][-]{subsubsection.6.3.1}{Prevenzione statica}{subsection.6.3}% 28
\BOOKMARK [3][-]{subsubsection.6.3.2}{Prevenzione dinamica}{subsection.6.3}% 29
\BOOKMARK [3][-]{subsubsection.6.3.3}{Individuazione di blocchi critici e recupero}{subsection.6.3}% 30
\BOOKMARK [1][-]{section.7}{Gestione della memoria}{}% 31
\BOOKMARK [2][-]{subsection.7.1}{Concetti generali}{section.7}% 32
\BOOKMARK [3][-]{subsubsection.7.1.1}{Terminologia utilizzata}{subsection.7.1}% 33
\BOOKMARK [3][-]{subsubsection.7.1.2}{Caratteristiche della Gestione}{subsection.7.1}% 34
\BOOKMARK [2][-]{subsection.7.2}{Tecniche di gestione}{section.7}% 35
\BOOKMARK [2][-]{subsection.7.3}{Punti chiave delle varie tecniche}{section.7}% 36
\BOOKMARK [3][-]{subsubsection.7.3.1}{Partizioni fisse}{subsection.7.3}% 37
\BOOKMARK [3][-]{subsubsection.7.3.2}{Partizioni variabili}{subsection.7.3}% 38
\BOOKMARK [3][-]{subsubsection.7.3.3}{Segmentazione}{subsection.7.3}% 39
\BOOKMARK [3][-]{subsubsection.7.3.4}{Segmentazione a domanda}{subsection.7.3}% 40
\BOOKMARK [3][-]{subsubsection.7.3.5}{Paginazione}{subsection.7.3}% 41
\BOOKMARK [3][-]{subsubsection.7.3.6}{Segmentazione paginata}{subsection.7.3}% 42
\BOOKMARK [2][-]{subsection.7.4}{Stati di un processo swapped}{section.7}% 43
\BOOKMARK [1][-]{section.8}{Gestione I/O}{}% 44
\BOOKMARK [2][-]{subsection.8.1}{Gestione timer}{section.8}% 45
\BOOKMARK [2][-]{subsection.8.2}{Gestione dischi}{section.8}% 46
\BOOKMARK [3][-]{subsubsection.8.2.1}{Terminologia utilizzata}{subsection.8.2}% 47
\BOOKMARK [3][-]{subsubsection.8.2.2}{Schedulazione}{subsection.8.2}% 48
\BOOKMARK [1][-]{section.9}{File System}{}% 49
\BOOKMARK [2][-]{subsection.9.1}{Stack di astrazione}{section.9}% 50
\BOOKMARK [2][-]{subsection.9.2}{Visione d'insieme}{section.9}% 51
\BOOKMARK [3][-]{subsubsection.9.2.1}{Struttura logica}{subsection.9.2}% 52
\BOOKMARK [3][-]{subsubsection.9.2.2}{Accesso}{subsection.9.2}% 53
\BOOKMARK [3][-]{subsubsection.9.2.3}{Organizzazione fisica}{subsection.9.2}% 54
\BOOKMARK [1][-]{section.10}{Protezione}{}% 55
\BOOKMARK [1][-]{section.11}{Unix}{}% 56
\BOOKMARK [2][-]{subsection.11.1}{Unix puro}{section.11}% 57
\BOOKMARK [3][-]{subsubsection.11.1.1}{Generalit\340}{subsection.11.1}% 58
\BOOKMARK [3][-]{subsubsection.11.1.2}{Processi}{subsection.11.1}% 59
\BOOKMARK [3][-]{subsubsection.11.1.3}{Memoria}{subsection.11.1}% 60
\BOOKMARK [3][-]{subsubsection.11.1.4}{Filesystem}{subsection.11.1}% 61
\BOOKMARK [2][-]{subsection.11.2}{Linux}{section.11}% 62
\BOOKMARK [3][-]{subsubsection.11.2.1}{Processi}{subsection.11.2}% 63
\BOOKMARK [1][-]{section*.8}{References}{}% 64
