
--- PRIMA PARTE ---
    1
    1    1
    1    2    1
    1    3    3    1
    1    4    6    4    1
    1    5   10   10    5    1
    1    6   15   20   15    6    1
    1    7   21   35   35   21    7    1
    1    8   28   56   70   56   28    8    1
    1    9   36   84  126  126   84   36    9    1


Test della funzione fibonacci:
1
1
2
8
34


--- SECONDA PARTE ---
Test della espandi (deve stampare {a^4 + 4a^3*b^1 + 6a^2*b^2 + 4a^1*b^3 + b^4})
{a^4 + 4a^3*b^1 + 6a^2*b^2 + 4a^1*b^3 + b^4}

Creazione dell'oggetto t2 di ordine 13 e sua stampa
    1
    1    1
    1    2    1
    1    3    3    1
    1    4    6    4    1
    1    5   10   10    5    1
    1    6   15   20   15    6    1
    1    7   21   35   35   21    7    1
    1    8   28   56   70   56   28    8    1
    1    9   36   84  126  126   84   36    9    1
    1   10   45  120  210  252  210  120   45   10    1
    1   11   55  165  330  462  462  330  165   55   11    1
    1   12   66  220  495  792  924  792  495  220   66   12    1
    1   13   78  286  715 1287 1716 1716 1287  715  286   78   13    1


Test dell'operatore di assegnamento
    1
    1    1
    1    2    1
    1    3    3    1
    1    4    6    4    1
    1    5   10   10    5    1
    1    6   15   20   15    6    1
    1    7   21   35   35   21    7    1
    1    8   28   56   70   56   28    8    1
    1    9   36   84  126  126   84   36    9    1


--- TERZA PARTE ---

{a^1 + b^1}
{a^2 + 2a^1*b^1 + b^2}
{a^3 + 3a^2*b^1 + 3a^1*b^2 + b^3}
{a^6 + 6a^5*b^1 + 15a^4*b^2 + 20a^3*b^3 + 15a^2*b^4 + 6a^1*b^5 + b^6}
-1
-1
Test gestione aliasing nell'operatore di assegnamento