--- PRIMA PARTE ---
1 1 0 0 
0 2 2 2 
1 2 2 2 
1 0 0 0 

1 1 0 0 
0 2 2 2 
1 2 2 2 
1 0 5 5 

Nave colpita
Colpo a vuoto
Nave colpita

1 1 0 0 
0 2 2 -2 
1 2 2 2 
1 0 5 -5 

--- SECONDA PARTE ---
1 1 1 1 0 0 
0 0 0 0 0 0 
0 0 0 0 0 0 
0 0 0 0 0 0 
0 0 0 0 0 0 
0 0 0 0 0 0 

0 0 0 0 0 0 
0 0 0 0 0 0 
0 0 0 0 0 0 
0 0 0 0 0 0 
2 2 2 2 0 0 
1 1 1 1 0 0 

Unione avvenuta
1 1 1 1 0 0 
0 0 0 0 0 0 
0 0 0 0 0 0 
0 0 0 0 0 0 
2 2 2 2 0 0 
1 1 1 1 0 0 

1 1 1 1 0 0 
0 0 0 0 0 0 
0 0 0 0 0 0 
0 0 0 0 0 0 
-2 -2 -2 -2 0 0 
1 1 1 1 0 0 

Giocatore 1 ancora in gioco
Giocatore 2 eliminato
TERZA PARTE (TEST AGGIUNTIVI)
0 0 0 
0 1 1 
0 1 1 

1 2 0 
1 2 0 
0 0 0 

0 0 0 
0 1 1 
0 1 1 
