--- PRIMA PARTE ---

Test del costruttore e dell'operatore di uscita
0 0 0 0 
0 0 0 0 
0 0 0 0 
0 0 0 0 

Test della 'aggiorna'
5 5 5 6 
4 4 3 0 
0 0 0 0 
0 0 0 0 

Test della 'trova':
trovata una riga con almeno tre valori consecutivi uguali fra loro

--- SECONDA PARTE ---

Test della 'raddoppia'
8 8 8 8 5 5 5 6 
8 8 8 8 4 4 3 0 
8 8 8 8 0 0 0 0 
8 8 8 8 0 0 0 0 
5 5 5 6 9 9 9 9 
4 4 3 0 9 9 9 9 
0 0 0 0 9 9 9 9 
0 0 0 0 9 9 9 9 

Test del distruttore (m2 e' stata appena distrutta)


--- TERZA PARTE (test aggiuntivi) ---

nessuna riga con almeno tre valori consecutivi uguali fra loro
nessuna riga con almeno tre valori consecutivi uguali fra loro
8 5 
5 9 

0 0 0 
0 0 0 
0 0 0 

